kakao logined
SEND MESSAGES:
    [네이버 스토어] ' KF94 휴그린 미세먼지 방역마스크 중형 (1매)'가 약 10분 후 판매됩니다
ALL MESSAGE SENT.
kakao logined
SEND MESSAGES:
    [샤이맨] ' 식약처 인정 KF94 브랜드 마스크 랜덤(1매)'가 약 10분 후 판매됩니다
ALL MESSAGE SENT.
kakao logined
SEND MESSAGES:
    [오사자] ' KF94 힐메이드 소형마스크 (5매)'가 약 10분 후 판매됩니다
ALL MESSAGE SENT.
kakao logined
SEND MESSAGES:
    [미마몰] ' 필터교체형 먼지 자외선차단 패션 마스크 (+활성탄필터 5매)'가 약 10분 후 판매됩니다
ALL MESSAGE SENT.
kakao logined
SEND MESSAGES:
    [아에르몰] ' KF94 아에르 스탠다드 베이직 마스크 화이트(10매)'가 약 10분 후 판매됩니다
ALL MESSAGE SENT.
kakao logined
SEND MESSAGES:
    [늘해랑] ' 김서림 방지 일반 1회용 마스크 (50매)'가 약 10분 후 판매됩니다
    [블랑플] ' 데일리마스크(일반마스크) 40매'가 약 10분 후 판매됩니다
ALL MESSAGE SENT.
kakao logined
SEND MESSAGES:
    [샤이맨] ' 식약처 인정 KF94 브랜드 마스크 랜덤(1매)'가 약 10분 후 판매됩니다
ALL MESSAGE SENT.
kakao logined
SEND MESSAGES:
    [샤이맨] ' 식약처 인정 KF94 브랜드 마스크 랜덤(1매)'가 약 10분 후 판매됩니다
ALL MESSAGE SENT.
kakao logined
SEND MESSAGES:
    [네이버 스토어] ' KF94 휴그린 미세먼지 방역마스크 중형 (1매)'가 약 10분 후 판매됩니다
ALL MESSAGE SENT.
kakao logined
SEND MESSAGES:
Message: 

HTTPConnectionPool(host='127.0.0.1', port=36323): Max retries exceeded with url: /session/958390cd26aeffc599aea6b89ce23ea5/element (Caused by NewConnectionError('<urllib3.connection.HTTPConnection object at 0x7f8dd6832828>: Failed to establish a new connection: [Errno 111] Connection refused',))
kakao logined
SEND MESSAGES:
    [미마몰] ' 미마마스크 어린이 미세먼지 황사 보건용마스크 10개입(KF80)'가 약 10분 후 판매됩니다
ALL MESSAGE SENT.
kakao logined
SEND MESSAGES:
    [아에르몰] ' KF94 아에르 스탠다드 베이직 마스크 화이트(10매)'가 약 10분 후 판매됩니다
ALL MESSAGE SENT.
kakao logined
SEND MESSAGES:
    [샤이맨] ' 식약처 인정 KF94 브랜드 마스크 랜덤(1매)'가 약 10분 후 판매됩니다
    [늘해랑] ' 김서림 방지 일반 1회용 마스크 (50매)'가 약 10분 후 판매됩니다
    [네퓨어] ' 식약처허가 KF94 미세먼지 마스크(5매)'가 약 10분 후 판매됩니다
    [블랑플] ' 데일리마스크(일반마스크) 40매'가 약 10분 후 판매됩니다
ALL MESSAGE SENT.
kakao logined
SEND MESSAGES:
    [라오메뜨] ' KF94 황사방역마스크 중형 1봉(5매입)'가 약 10분 후 판매됩니다
ALL MESSAGE SENT.
kakao logined
SEND MESSAGES:
    [네이버 스토어] ' KF94 휴그린 미세먼지 방역마스크 중형 (1매)'가 약 10분 후 판매됩니다
ALL MESSAGE SENT.
kakao logined
SEND MESSAGES:
    [미마몰] ' 미마마스크 미마 미세먼지 황사 보건용마스크 10개입(KF94)'가 약 10분 후 판매됩니다
ALL MESSAGE SENT.
kakao logined
SEND MESSAGES:
    [미엘물티슈] ' 숨쉬GO KF94 미세먼지 황사방역마스크 10매'가 약 10분 후 판매됩니다
ALL MESSAGE SENT.
kakao logined
SEND MESSAGES:
    [아에르몰] ' KF94 아에르 스탠다드 베이직 마스크 화이트(10매)'가 약 10분 후 판매됩니다
ALL MESSAGE SENT.
kakao logined
SEND MESSAGES:
Message: 

HTTPConnectionPool(host='127.0.0.1', port=40885): Max retries exceeded with url: /session/f653739fe8e5d078b653c240c64b6bb5/element (Caused by NewConnectionError('<urllib3.connection.HTTPConnection object at 0x7fc27248a828>: Failed to establish a new connection: [Errno 111] Connection refused',))
kakao logined
SEND MESSAGES:
    [네퓨어] ' 식약처허가 KF94 미세먼지 마스크(5매)'가 약 10분 후 판매됩니다
ALL MESSAGE SENT.
kakao logined
SEND MESSAGES:
Message: 

HTTPConnectionPool(host='127.0.0.1', port=55583): Max retries exceeded with url: /session/75dc5ef8a235ea3a6d725bb747a1f566/element (Caused by NewConnectionError('<urllib3.connection.HTTPConnection object at 0x7f94a0662828>: Failed to establish a new connection: [Errno 111] Connection refused',))
kakao logined
SEND MESSAGES:
    [네이버 스토어] ' KF94 휴그린 미세먼지 방역마스크 중형 (1매)'가 약 10분 후 판매됩니다
ALL MESSAGE SENT.
kakao logined
SEND MESSAGES:
    [아이에뜨] ' MHCARE or 메이클린 황사 마스크 kf94 10장(대형)'가 약 10분 후 판매됩니다
ALL MESSAGE SENT.
kakao logined
SEND MESSAGES:
    [미마몰] ' 필터교체형 먼지 자외선차단 패션 마스크 (+활성탄필터 5매)'가 약 10분 후 판매됩니다
ALL MESSAGE SENT.
kakao logined
SEND MESSAGES:
Message: 

HTTPConnectionPool(host='127.0.0.1', port=33331): Max retries exceeded with url: /session/a3896bda2c9e068314c693e5f2487973/element (Caused by NewConnectionError('<urllib3.connection.HTTPConnection object at 0x7f2d50826828>: Failed to establish a new connection: [Errno 111] Connection refused',))
kakao logined
SEND MESSAGES:
    [아이에뜨] ' MHCARE or 메이클린 황사 마스크 kf94 10장(대형)'가 약 10분 후 판매됩니다
ALL MESSAGE SENT.
kakao logined
SEND MESSAGES:
    [미마몰] ' 미마마스크 미마 미세먼지 황사 보건용마스크 10개입(KF94)'가 약 10분 후 판매됩니다
ALL MESSAGE SENT.
kakao logined
SEND MESSAGES:
Message: 

HTTPConnectionPool(host='127.0.0.1', port=56839): Max retries exceeded with url: /session/a9d2dfdb637f45efcc8af96fa017ef32/element (Caused by NewConnectionError('<urllib3.connection.HTTPConnection object at 0x7fd10ecbf828>: Failed to establish a new connection: [Errno 111] Connection refused',))
kakao logined
SEND MESSAGES:
    [아이에뜨] ' MHCARE or 메이클린 황사 마스크 kf94 10장(대형)'가 약 10분 후 판매됩니다
ALL MESSAGE SENT.
kakao logined
SEND MESSAGES:
Message: 

HTTPConnectionPool(host='127.0.0.1', port=40605): Max retries exceeded with url: /session/05f09382c50c1e01243385216891987d/element (Caused by NewConnectionError('<urllib3.connection.HTTPConnection object at 0x7fd3c2540828>: Failed to establish a new connection: [Errno 111] Connection refused',))
kakao logined
SEND MESSAGES:
    [네이버 스토어] ' KF94 휴그린 미세먼지 방역마스크 중형 (1매)'가 약 10분 후 판매됩니다
ALL MESSAGE SENT.
kakao logined
SEND MESSAGES:
    [미마몰] ' 미마마스크 미마 미세먼지 황사 보건용마스크 10개입(KF94)'가 약 10분 후 판매됩니다
ALL MESSAGE SENT.
kakao logined
SEND MESSAGES:
Message: 

HTTPConnectionPool(host='127.0.0.1', port=60137): Max retries exceeded with url: /session/43c3a62cb0284c2485cf5cfb266f94d4/element (Caused by NewConnectionError('<urllib3.connection.HTTPConnection object at 0x7f33eb5a4828>: Failed to establish a new connection: [Errno 111] Connection refused',))
kakao logined
SEND MESSAGES:
    [아에르몰] ' KF94 아에르 스탠다드 베이직 마스크 화이트(10매)'가 약 10분 후 판매됩니다
ALL MESSAGE SENT.
kakao logined
SEND MESSAGES:
    [뉴네퓨어] ' 식약처허가 KF94 미세먼지 마스크(5매)'가 약 10분 후 판매됩니다
ALL MESSAGE SENT.
kakao logined
SEND MESSAGES:
    [네이버 스토어] ' KF94 휴그린 미세먼지 방역마스크 중형 (1매)'가 약 10분 후 판매됩니다
ALL MESSAGE SENT.
kakao logined
SEND MESSAGES:
Message: 

HTTPConnectionPool(host='127.0.0.1', port=45787): Max retries exceeded with url: /session/02fce07066dce9da252d9fb543710e87/element (Caused by NewConnectionError('<urllib3.connection.HTTPConnection object at 0x7f9ebdc81828>: Failed to establish a new connection: [Errno 111] Connection refused',))
kakao logined
SEND MESSAGES:
    [미마몰] ' 미마마스크 어린이 미세먼지 황사 보건용마스크 10개입(KF80)'가 약 10분 후 판매됩니다
ALL MESSAGE SENT.
kakao logined
SEND MESSAGES:
    [아에르몰] ' KF94 아에르 스탠다드 베이직 마스크 화이트(10매)'가 약 10분 후 판매됩니다
ALL MESSAGE SENT.
kakao logined
SEND MESSAGES:
Message: 

HTTPConnectionPool(host='127.0.0.1', port=49043): Max retries exceeded with url: /session/dfeb81f8f59c5f5ce4b6680616d1cbbf/element (Caused by NewConnectionError('<urllib3.connection.HTTPConnection object at 0x7f39f0a7f828>: Failed to establish a new connection: [Errno 111] Connection refused',))
kakao logined
SEND MESSAGES:
    [뉴네퓨어] ' 식약처허가 KF94 미세먼지 마스크(5매)'가 약 10분 후 판매됩니다
    [마이얼스데이] ' 나눔이벤트 (손소독제1개+소형마스크1개)'가 약 10분 후 판매됩니다
ALL MESSAGE SENT.
kakao logined
SEND MESSAGES:
    [라오메뜨] ' KF94 황사방역마스크 중형 1봉(5매입)'가 약 10분 후 판매됩니다
ALL MESSAGE SENT.
kakao logined
SEND MESSAGES:
    [네이버 스토어] ' KF94 휴그린 미세먼지 방역마스크 중형 (1매)'가 약 10분 후 판매됩니다
ALL MESSAGE SENT.
kakao logined
SEND MESSAGES:
    [아이에뜨] ' MHCARE or 메이클린 황사 마스크 kf94 10장(대형)'가 약 10분 후 판매됩니다
ALL MESSAGE SENT.
kakao logined
SEND MESSAGES:
    [미마몰] ' 미마마스크 미마 미세먼지 황사 보건용마스크 10개입(KF94)'가 약 10분 후 판매됩니다
ALL MESSAGE SENT.
kakao logined
SEND MESSAGES:
Message: 

HTTPConnectionPool(host='127.0.0.1', port=43367): Max retries exceeded with url: /session/4947b48dfdd561c1305846365deafd4c/element (Caused by NewConnectionError('<urllib3.connection.HTTPConnection object at 0x7f20fab18828>: Failed to establish a new connection: [Errno 111] Connection refused',))
kakao logined
SEND MESSAGES:
    [아에르] ' KF94 아에르 스탠다드 베이직 마스크 화이트(10개입)'가 약 10분 후 판매됩니다
ALL MESSAGE SENT.
kakao logined
SEND MESSAGES:
    [마이얼스데이] ' 나눔이벤트 (손소독제1개+소형마스크1개)'가 약 10분 후 판매됩니다
    [뉴네퓨어] ' 뉴네퓨어 식약처허가 KF94 미세먼지 끈길이조절 황사 마스크 화이트 5매'가 약 10분 후 판매됩니다
ALL MESSAGE SENT.
kakao logined
SEND MESSAGES:
    [블링마켓] ' 강블리라이프 황사마스크 KF94 대형 화이트 25매 '가 약 10분 후 판매됩니다
    [이노마트] ' 디비스 KF80 소형 3중 필터 블랙 마스크 1박스(50매)'가 약 10분 후 판매됩니다
ALL MESSAGE SENT.
kakao logined
SEND MESSAGES:
    [걸리버] ' KF94 휴그린 미세먼지 방역마스크 (5매)'가 약 10분 후 판매됩니다
ALL MESSAGE SENT.
kakao logined
SEND MESSAGES:
Message: 

HTTPConnectionPool(host='127.0.0.1', port=43453): Max retries exceeded with url: /session/5e560e334455e44bada06b301dbd630d/element (Caused by NewConnectionError('<urllib3.connection.HTTPConnection object at 0x7f1b0d2fd828>: Failed to establish a new connection: [Errno 111] Connection refused',))
kakao logined
SEND MESSAGES:
    [아이에뜨] ' MHCARE or 메이클린 황사 마스크 kf94 10장(대형)'가 약 10분 후 판매됩니다
ALL MESSAGE SENT.
